This is XeTeX, Version 3.14159265-2.6-0.99998 (MiKTeX 2.9.6400) (preloaded format=xelatex 2017.9.19)  20 SEP 2017 12:26
entering extended mode
**./CorrocherFilho_CISC601_Project_Proposal.tex
(CorrocherFilho_CISC601_Project_Proposal.tex
LaTeX2e <2017-04-15>
Babel <3.12> and hyphenation patterns for 73 language(s) loaded.

("C:\Users\corrocherfilhonw\AppData\Local\Programs\MiKTeX 2.9\tex\latex\base\ar
ticle.cls"
Document Class: article 2014/09/29 v1.4h Standard LaTeX document class

("C:\Users\corrocherfilhonw\AppData\Local\Programs\MiKTeX 2.9\tex\latex\base\si
ze10.clo"
File: size10.clo 2014/09/29 v1.4h Standard LaTeX file (size option)
)
\c@part=\count79
\c@section=\count80
\c@subsection=\count81
\c@subsubsection=\count82
\c@paragraph=\count83
\c@subparagraph=\count84
\c@figure=\count85
\c@table=\count86
\abovecaptionskip=\skip41
\belowcaptionskip=\skip42
\bibindent=\dimen102
)
("C:\Users\corrocherfilhonw\AppData\Local\Programs\MiKTeX 2.9\tex\latex\amsmath
\amsmath.sty"
Package: amsmath 2017/09/02 v2.17a AMS math features
\@mathmargin=\skip43

For additional information on amsmath, use the `?' option.

("C:\Users\corrocherfilhonw\AppData\Local\Programs\MiKTeX 2.9\tex\latex\amsmath
\amstext.sty"
Package: amstext 2000/06/29 v2.01 AMS text

("C:\Users\corrocherfilhonw\AppData\Local\Programs\MiKTeX 2.9\tex\latex\amsmath
\amsgen.sty"
File: amsgen.sty 1999/11/30 v2.0 generic functions
\@emptytoks=\toks14
\ex@=\dimen103
))
("C:\Users\corrocherfilhonw\AppData\Local\Programs\MiKTeX 2.9\tex\latex\amsmath
\amsbsy.sty"
Package: amsbsy 1999/11/29 v1.2d Bold Symbols
\pmbraise@=\dimen104
)
("C:\Users\corrocherfilhonw\AppData\Local\Programs\MiKTeX 2.9\tex\latex\amsmath
\amsopn.sty"
Package: amsopn 2016/03/08 v2.02 operator names
)
\inf@bad=\count87
LaTeX Info: Redefining \frac on input line 213.
\uproot@=\count88
\leftroot@=\count89
LaTeX Info: Redefining \overline on input line 375.
\classnum@=\count90
\DOTSCASE@=\count91
LaTeX Info: Redefining \ldots on input line 472.
LaTeX Info: Redefining \dots on input line 475.
LaTeX Info: Redefining \cdots on input line 596.
\Mathstrutbox@=\box26
\strutbox@=\box27
\big@size=\dimen105
LaTeX Font Info:    Redeclaring font encoding OML on input line 712.
LaTeX Font Info:    Redeclaring font encoding OMS on input line 713.
\macc@depth=\count92
\c@MaxMatrixCols=\count93
\dotsspace@=\muskip10
\c@parentequation=\count94
\dspbrk@lvl=\count95
\tag@help=\toks15
\row@=\count96
\column@=\count97
\maxfields@=\count98
\andhelp@=\toks16
\eqnshift@=\dimen106
\alignsep@=\dimen107
\tagshift@=\dimen108
\tagwidth@=\dimen109
\totwidth@=\dimen110
\lineht@=\dimen111
\@envbody=\toks17
\multlinegap=\skip44
\multlinetaggap=\skip45
\mathdisplay@stack=\toks18
LaTeX Info: Redefining \[ on input line 2817.
LaTeX Info: Redefining \] on input line 2818.
) (CorrocherFilho_CISC601_Project_Proposal.aux)
\openout1 = `CorrocherFilho_CISC601_Project_Proposal.aux'.

LaTeX Font Info:    Checking defaults for OML/cmm/m/it on input line 9.
LaTeX Font Info:    ... okay on input line 9.
LaTeX Font Info:    Checking defaults for T1/cmr/m/n on input line 9.
LaTeX Font Info:    ... okay on input line 9.
LaTeX Font Info:    Checking defaults for OT1/cmr/m/n on input line 9.
LaTeX Font Info:    ... okay on input line 9.
LaTeX Font Info:    Checking defaults for OMS/cmsy/m/n on input line 9.
LaTeX Font Info:    ... okay on input line 9.
LaTeX Font Info:    Checking defaults for TU/lmr/m/n on input line 9.
LaTeX Font Info:    ... okay on input line 9.
LaTeX Font Info:    Checking defaults for OMX/cmex/m/n on input line 9.
LaTeX Font Info:    ... okay on input line 9.
LaTeX Font Info:    Checking defaults for U/cmr/m/n on input line 9.
LaTeX Font Info:    ... okay on input line 9.
 [1

]
Underfull \hbox (badness 10000) in paragraph at lines 16--17

 []


Underfull \hbox (badness 10000) in paragraph at lines 21--22

 []


Underfull \hbox (badness 10000) in paragraph at lines 22--24

 []

[2

] (CorrocherFilho_CISC601_Project_Proposal.aux) ) 
Here is how much of TeX's memory you used:
 858 strings out of 427856
 9991 string characters out of 3146815
 76297 words of memory out of 3000000
 4861 multiletter control sequences out of 15000+200000
 7560 words of font info for 35 fonts, out of 3000000 for 9000
 1314 hyphenation exceptions out of 8191
 27i,8n,20p,663b,187s stack positions out of 5000i,500n,10000p,200000b,50000s

Output written on CorrocherFilho_CISC601_Project_Proposal.pdf (2 pages).
